  Source.cpp
Source.cpp(397): warning C4244: 'return': conversion from 'int' to 'float', possible loss of data
Source.cpp(465): warning C4305: '=': truncation from 'double' to 'float'
Source.cpp(472): warning C4305: '=': truncation from 'double' to 'float'
Source.cpp(482): warning C4305: '=': truncation from 'double' to 'float'
Source.cpp(542): warning C4305: '=': truncation from 'double' to 'float'
Source.cpp(565): warning C4305: '=': truncation from 'double' to 'float'
Source.cpp(591): warning C4305: '=': truncation from 'double' to 'float'
Source.cpp(616): warning C4305: '=': truncation from 'double' to 'float'
Source.cpp(728): warning C4244: '=': conversion from 'int' to 'float', possible loss of data
Source.cpp(729): warning C4244: '=': conversion from 'int' to 'float', possible loss of data
Source.cpp(781): warning C4244: 'argument': conversion from 'time_t' to 'unsigned int', possible loss of data
Source.cpp(831): warning C4244: 'argument': conversion from 'double' to 'float', possible loss of data
Source.cpp(838): warning C4244: 'argument': conversion from 'double' to 'float', possible loss of data
Source.cpp(1253): warning C4018: '<': signed/unsigned mismatch
Source.cpp(1372): warning C4244: 'argument': conversion from 'float' to 'DWORD', possible loss of data
  Generating code
  1 of 757 functions ( 0.1%) were compiled, the rest were copied from previous compilation.
    0 functions were new in current compilation
    20 functions had inline decision re-evaluated but remain unchanged
  Finished generating code
  shapeShooter.vcxproj -> C:\Users\jango\Documents\visual studio 2013\Projects\shapeShooter\Release\shapeShooter.exe
